Determining if the pthread_create exist failed with the following output:
Change Dir: /home/alexandre/Documents/CuraEngine/build/CMakeFiles/CMakeTmp

Run Build Command:"/usr/bin/make" "cmTryCompileExec1089482010/fast"
/usr/bin/make -f CMakeFiles/cmTryCompileExec1089482010.dir/build.make CMakeFiles/cmTryCompileExec1089482010.dir/build
make[1]: Entering directory '/home/alexandre/Documents/CuraEngine/build/CMakeFiles/CMakeTmp'
/usr/bin/cmake -E cmake_progress_report /home/alexandre/Documents/CuraEngine/build/CMakeFiles/CMakeTmp/CMakeFiles 1
Building C object CMakeFiles/cmTryCompileExec1089482010.dir/CheckSymbolExists.c.o
/usr/bin/cc    -o CMakeFiles/cmTryCompileExec1089482010.dir/CheckSymbolExists.c.o   -c /home/alexandre/Documents/CuraEngine/build/CMakeFiles/CMakeTmp/CheckSymbolExists.c
Linking C executable cmTryCompileExec1089482010
/usr/bin/cmake -E cmake_link_script CMakeFiles/cmTryCompileExec1089482010.dir/link.txt --verbose=1
/usr/bin/cc       CMakeFiles/cmTryCompileExec1089482010.dir/CheckSymbolExists.c.o  -o cmTryCompileExec1089482010 -rdynamic 
CMakeFiles/cmTryCompileExec1089482010.dir/CheckSymbolExists.c.o: In function `main':
CheckSymbolExists.c:(.text+0x16): undefined reference to `pthread_create'
collect2: error: ld returned 1 exit status
CMakeFiles/cmTryCompileExec1089482010.dir/build.make:88: recipe for target 'cmTryCompileExec1089482010' failed
make[1]: Leaving directory '/home/alexandre/Documents/CuraEngine/build/CMakeFiles/CMakeTmp'
Makefile:117: recipe for target 'cmTryCompileExec1089482010/fast' failed
make[1]: *** [cmTryCompileExec1089482010] Error 1
make: *** [cmTryCompileExec1089482010/fast] Error 2

File /home/alexandre/Documents/CuraEngine/build/CMakeFiles/CMakeTmp/CheckSymbolExists.c:
/* */
#include <pthread.h>

int main(int argc, char** argv)
{
  (void)argv;
#ifndef pthread_create
  return ((int*)(&pthread_create))[argc];
#else
  (void)argc;
  return 0;
#endif
}

Determining if the function pthread_create exists in the pthreads failed with the following output:
Change Dir: /home/alexandre/Documents/CuraEngine/build/CMakeFiles/CMakeTmp

Run Build Command:"/usr/bin/make" "cmTryCompileExec846538453/fast"
/usr/bin/make -f CMakeFiles/cmTryCompileExec846538453.dir/build.make CMakeFiles/cmTryCompileExec846538453.dir/build
make[1]: Entering directory '/home/alexandre/Documents/CuraEngine/build/CMakeFiles/CMakeTmp'
/usr/bin/cmake -E cmake_progress_report /home/alexandre/Documents/CuraEngine/build/CMakeFiles/CMakeTmp/CMakeFiles 1
Building C object CMakeFiles/cmTryCompileExec846538453.dir/CheckFunctionExists.c.o
/usr/bin/cc   -DCHECK_FUNCTION_EXISTS=pthread_create   -o CMakeFiles/cmTryCompileExec846538453.dir/CheckFunctionExists.c.o   -c /usr/share/cmake-3.2/Modules/CheckFunctionExists.c
Linking C executable cmTryCompileExec846538453
/usr/bin/cmake -E cmake_link_script CMakeFiles/cmTryCompileExec846538453.dir/link.txt --verbose=1
/usr/bin/cc   -DCHECK_FUNCTION_EXISTS=pthread_create    CMakeFiles/cmTryCompileExec846538453.dir/CheckFunctionExists.c.o  -o cmTryCompileExec846538453 -rdynamic -lpthreads 
/usr/bin/ld: cannot find -lpthreads
collect2: error: ld returned 1 exit status
CMakeFiles/cmTryCompileExec846538453.dir/build.make:88: recipe for target 'cmTryCompileExec846538453' failed
make[1]: Leaving directory '/home/alexandre/Documents/CuraEngine/build/CMakeFiles/CMakeTmp'
Makefile:117: recipe for target 'cmTryCompileExec846538453/fast' failed
make[1]: *** [cmTryCompileExec846538453] Error 1
make: *** [cmTryCompileExec846538453/fast] Error 2


